<?xml version="1.0" encoding="UTF-8"?>
<!-- Generated by org.testng.reporters.JUnitXMLReporter -->
<testsuite hostname="LAPTOP-A8UH4QRG" ignored="0" name="Test" tests="6" failures="0" timestamp="2021-05-19T22:17:04 IST" time="0.046" errors="0">
  <testcase name="invalidAboutUs" time="0.004" classname="Testcases.aboutUsTest"/>
  <testcase name="validAboutUs" time="0.0" classname="Testcases.aboutUsTest"/>
  <testcase name="invalidHome" time="0.001" classname="Testcases.homeTest"/>
  <testcase name="validHome" time="0.001" classname="Testcases.homeTest"/>
  <testcase name="invalidLogin" time="0.001" classname="Testcases.loginTest"/>
  <testcase name="validLogin" time="0.002" classname="Testcases.loginTest"/>
</testsuite> <!-- Test -->
