<?xml version="1.0" encoding="UTF-8"?>
<testng-results ignored="0" total="1" passed="1" failed="0" skipped="0">
  <reporter-output>
  </reporter-output>
  <suite started-at="2021-05-19T21:08:40 IST" name="Default suite" finished-at="2021-05-19T21:08:41 IST" duration-ms="63">
    <groups>
    </groups>
    <test started-at="2021-05-19T21:08:40 IST" name="Default test" finished-at="2021-05-19T21:08:41 IST" duration-ms="63">
      <class name="Testcases.loginTest">
        <test-method signature="validLogin()[pri:0, instance:Testcases.loginTest@41e1e210]" started-at="2021-05-19T21:08:41 IST" name="validLogin" finished-at="2021-05-19T21:08:41 IST" duration-ms="12" status="PASS">
          <reporter-output>
          </reporter-output>
        </test-method> <!-- validLogin -->
      </class> <!-- Testcases.loginTest -->
    </test> <!-- Default test -->
  </suite> <!-- Default suite -->
</testng-results>
